<?xml version="1.0" encoding="UTF-8"?>
<!-- Generated by org.testng.reporters.JUnitReportReporter -->
<testsuite hostname="Yuanhans-MacBook-Air.local" failures="0" tests="1" name="combined_suite.tests_simulator" time="117.183" errors="0" timestamp="2020-01-01T13:14:09 EST" skipped="0">
  <testcase classname="combined_suite.tests_simulator" name="login1" time="117.183"/>
  <system-out/>
</testsuite> <!-- combined_suite.tests_simulator -->
