<?xml version="1.0" encoding="UTF-8"?>
<!-- Generated by org.testng.reporters.JUnitReportReporter -->
<testsuite hostname="Yuanhans-MacBook-Air.local" failures="0" tests="1" name="simulator.login_simulator" time="9.214" errors="0" timestamp="2020-01-03T09:29:26 EST" skipped="0">
  <testcase classname="simulator.login_simulator" name="launch" time="9.214"/>
  <system-out/>
</testsuite> <!-- simulator.login_simulator -->
