<?xml version="1.0" encoding="UTF-8"?>
<!-- Generated by org.testng.reporters.JUnitReportReporter -->
<testsuite hostname="Yuanhans-MacBook-Air.local" failures="0" tests="1" name="iosdemo.tests" time="43.773" errors="0" timestamp="2019-12-30T16:48:31 EST" skipped="0">
  <testcase classname="iosdemo.tests" name="test_1" time="43.773"/>
  <system-out/>
</testsuite> <!-- iosdemo.tests -->
