<?xml version="1.0" encoding="UTF-8"?>
<!-- Generated by org.testng.reporters.JUnitReportReporter -->
<testsuite hostname="Yuanhans-MacBook-Air.local" failures="0" tests="1" name="simulator.Tests" time="17.710" errors="0" timestamp="2020-01-03T10:34:57 EST" skipped="0">
  <testcase classname="simulator.Tests" name="calendar" time="17.710"/>
  <system-out/>
</testsuite> <!-- simulator.Tests -->
