<?xml version="1.0" encoding="UTF-8"?>
<!-- Generated by org.testng.reporters.JUnitReportReporter -->
<testsuite hostname="Yuanhans-MacBook-Air.local" failures="0" tests="1" name="android.tests_Android" time="0.574" errors="0" timestamp="2020-01-01T17:43:38 EST" skipped="0">
  <testcase classname="android.tests_Android" name="login1" time="0.574"/>
  <system-out/>
</testsuite> <!-- android.tests_Android -->
