<?xml version="1.0" encoding="UTF-8"?>
<!-- Generated by org.testng.reporters.JUnitReportReporter -->
<testsuite hostname="Yuanhans-MacBook-Air.local" failures="0" tests="1" name="iosdemo.test_cases" time="1.489" errors="0" timestamp="2019-12-26T16:38:00 EST" skipped="0">
  <testcase classname="iosdemo.test_cases" name="test_1" time="1.489"/>
  <system-out/>
</testsuite> <!-- iosdemo.test_cases -->
