<?xml version="1.0" encoding="UTF-8"?>
<!-- Generated by org.testng.reporters.JUnitReportReporter -->
<testsuite hostname="Yuanhans-MacBook-Air.local" failures="0" tests="1" name="simulator.login" time="10.015" errors="0" timestamp="2020-01-03T09:31:14 EST" skipped="0">
  <testcase classname="simulator.login" name="launch" time="10.015"/>
  <system-out/>
</testsuite> <!-- simulator.login -->
