<?xml version="1.0" encoding="UTF-8"?>
<!-- Generated by org.testng.reporters.JUnitReportReporter -->
<testsuite hostname="Yuanhans-MacBook-Air.local" failures="0" tests="1" name="iosdemo.FirstiOSTest" time="1.312" errors="0" timestamp="2019-12-26T16:27:39 EST" skipped="0">
  <testcase classname="iosdemo.FirstiOSTest" name="test" time="1.312"/>
  <system-out/>
</testsuite> <!-- iosdemo.FirstiOSTest -->
