<?xml version="1.0" encoding="UTF-8"?>
<!-- Generated by org.testng.reporters.JUnitReportReporter -->
<testsuite hostname="Yuanhans-MacBook-Air.local" failures="0" tests="1" name="simulator.tests_simulator" time="11.886" errors="0" timestamp="2020-01-01T17:04:52 EST" skipped="0">
  <testcase classname="simulator.tests_simulator" name="login1" time="11.886"/>
  <system-out/>
</testsuite> <!-- simulator.tests_simulator -->
