<?xml version="1.0" encoding="UTF-8"?>
<!-- Generated by org.testng.reporters.JUnitReportReporter -->
<testsuite hostname="Yuanhans-MacBook-Air.local" failures="0" tests="14" name="iOS.Tests_iOS" time="0.000" errors="0" timestamp="2020-01-10T15:05:46 EST" skipped="14">
  <testcase classname="iOS.Tests_iOS" name="login" time="0.000">
    <skipped/>
  </testcase> <!-- login -->
  <system-out/>
  <testcase classname="iOS.Tests_iOS" name="welcome" time="0.000">
    <skipped/>
  </testcase> <!-- welcome -->
  <system-out/>
  <testcase classname="iOS.Tests_iOS" name="CalendarMed" time="0.000">
    <skipped/>
  </testcase> <!-- CalendarMed -->
  <system-out/>
  <testcase classname="iOS.Tests_iOS" name="CalendarAct" time="0.000">
    <skipped/>
  </testcase> <!-- CalendarAct -->
  <system-out/>
  <testcase classname="iOS.Tests_iOS" name="MedActEmp" time="0.000">
    <skipped/>
  </testcase> <!-- MedActEmp -->
  <system-out/>
  <testcase classname="iOS.Tests_iOS" name="MedPstEmp" time="0.000">
    <skipped/>
  </testcase> <!-- MedPstEmp -->
  <system-out/>
  <testcase classname="iOS.Tests_iOS" name="MedAdd" time="0.000">
    <skipped/>
  </testcase> <!-- MedAdd -->
  <system-out/>
  <testcase classname="iOS.Tests_iOS" name="MedRev" time="0.000">
    <skipped/>
  </testcase> <!-- MedRev -->
  <system-out/>
  <testcase classname="iOS.Tests_iOS" name="MedTake" time="0.000">
    <skipped/>
  </testcase> <!-- MedTake -->
  <system-out/>
  <testcase classname="iOS.Tests_iOS" name="MedAct" time="0.000">
    <skipped/>
  </testcase> <!-- MedAct -->
  <system-out/>
  <testcase classname="iOS.Tests_iOS" name="MedRem" time="0.000">
    <skipped/>
  </testcase> <!-- MedRem -->
  <system-out/>
  <testcase classname="iOS.Tests_iOS" name="MedPst" time="0.000">
    <skipped/>
  </testcase> <!-- MedPst -->
  <system-out/>
  <testcase classname="iOS.Tests_iOS" name="TrackNew" time="0.000">
    <skipped/>
  </testcase> <!-- TrackNew -->
  <system-out/>
  <testcase classname="iOS.Tests_iOS" name="TrackAdd" time="0.000">
    <skipped/>
  </testcase> <!-- TrackAdd -->
  <system-out/>
</testsuite> <!-- iOS.Tests_iOS -->
