<?xml version="1.0" encoding="UTF-8"?>
<!-- Generated by org.testng.reporters.JUnitReportReporter -->
<testsuite hostname="Yuanhans-MacBook-Air.local" failures="0" tests="1" name="combined_suite.tests" time="77.282" errors="0" timestamp="2019-12-31T10:19:14 EST" skipped="0">
  <testcase classname="combined_suite.tests" name="test_1" time="77.282"/>
  <system-out/>
</testsuite> <!-- combined_suite.tests -->
