<?xml version="1.0" encoding="UTF-8"?>
<!-- Generated by org.testng.reporters.JUnitReportReporter -->
<testsuite hostname="Yuanhans-MacBook-Air.local" failures="0" tests="1" name="simulator.Calendar" time="3.244" errors="0" timestamp="2020-01-03T09:47:58 EST" skipped="0">
  <testcase classname="simulator.Calendar" name="calendar" time="3.244"/>
  <system-out/>
</testsuite> <!-- simulator.Calendar -->
