<?xml version="1.0" encoding="UTF-8"?>
<!-- Generated by org.testng.reporters.JUnitReportReporter -->
<testsuite hostname="Yuanhans-MacBook-Air.local" failures="0" tests="1" name="simulator.Login_Sim" time="8.699" errors="0" timestamp="2020-01-10T15:23:14 EST" skipped="0">
  <testcase classname="simulator.Login_Sim" name="login" time="8.699"/>
  <system-out/>
</testsuite> <!-- simulator.Login_Sim -->
