<?xml version="1.0" encoding="UTF-8"?>
<!-- Generated by org.testng.reporters.JUnitReportReporter -->
<testsuite hostname="Yuanhans-MacBook-Air.local" failures="0" tests="3" name="simulator.Tests_Simulator" time="60.249" errors="0" timestamp="2020-01-06T15:24:19 EST" skipped="0">
  <testcase classname="simulator.Tests_Simulator" name="medication" time="23.440"/>
  <system-out/>
  <testcase classname="simulator.Tests_Simulator" name="login" time="25.233"/>
  <system-out/>
  <testcase classname="simulator.Tests_Simulator" name="calendar" time="11.576"/>
  <system-out/>
</testsuite> <!-- simulator.Tests_Simulator -->
